[2012-09-07 10:41:54] INFO  WEBrick 1.3.1
[2012-09-07 10:41:54] INFO  ruby 1.9.3 (2012-02-16) [x86_64-darwin10.8.0]
[2012-09-07 10:41:54] INFO  WEBrick::HTTPServer#start: pid=196 port=3000
[2012-09-17 14:16:34] ERROR SignalException: SIGTERM
	/Users/ramiro/.rvm/rubies/ruby-1.9.3-p125/lib/ruby/1.9.1/webrick/server.rb:98:in `select'
[2012-09-17 14:16:34] ERROR SignalException: SIGTERM
	/Users/ramiro/.rvm/rubies/ruby-1.9.3-p125/lib/ruby/1.9.1/webrick/server.rb:98:in `select'
[2012-09-17 14:20:27] INFO  WEBrick 1.3.1
[2012-09-17 14:20:27] INFO  ruby 1.9.3 (2012-02-16) [x86_64-darwin10.8.0]
[2012-09-17 14:20:27] INFO  WEBrick::HTTPServer#start: pid=198 port=3000
[2012-09-25 14:56:08] INFO  WEBrick 1.3.1
[2012-09-25 14:56:08] INFO  ruby 1.9.3 (2012-02-16) [x86_64-darwin10.8.0]
[2012-09-25 14:56:08] INFO  WEBrick::HTTPServer#start: pid=346 port=3000
[2012-10-02 14:52:25] ERROR SignalException: SIGTERM
	/Users/ramiro/.rvm/rubies/ruby-1.9.3-p125/lib/ruby/1.9.1/webrick/server.rb:98:in `select'
[2012-10-02 14:52:32] ERROR SignalException: SIGTERM
	/Users/ramiro/.rvm/rubies/ruby-1.9.3-p125/lib/ruby/1.9.1/webrick/server.rb:98:in `select'
[2012-10-02 14:54:39] INFO  WEBrick 1.3.1
[2012-10-02 14:54:39] INFO  ruby 1.9.3 (2012-02-16) [x86_64-darwin10.8.0]
[2012-10-02 14:54:39] INFO  WEBrick::HTTPServer#start: pid=200 port=3000
